<?xml version="1.0" encoding="UTF-8"?>
<testng-results ignored="0" total="1" passed="1" failed="0" skipped="0">
  <reporter-output>
  </reporter-output>
  <suite started-at="2026-03-12T12:21:16 IST" name="Surefire suite" finished-at="2026-03-12T12:21:29 IST" duration-ms="12275">
    <groups>
    </groups>
    <test started-at="2026-03-12T12:21:16 IST" name="Surefire test" finished-at="2026-03-12T12:21:29 IST" duration-ms="12275">
      <class name="AddNumbersTest">
        <test-method is-config="true" signature="setup()[pri:0, instance:AddNumbersTest@3cc2931c]" started-at="2026-03-12T12:21:16 IST" name="setup" finished-at="2026-03-12T12:21:18 IST" duration-ms="1863" status="PASS">
          <reporter-output>
          </reporter-output>
        </test-method> <!-- setup -->
        <test-method signature="testAddition()[pri:0, instance:AddNumbersTest@3cc2931c]" started-at="2026-03-12T12:21:18 IST" name="testAddition" finished-at="2026-03-12T12:21:29 IST" duration-ms="10187" status="PASS">
          <reporter-output>
          </reporter-output>
        </test-method> <!-- testAddition -->
        <test-method is-config="true" signature="closeBrowser()[pri:0, instance:AddNumbersTest@3cc2931c]" started-at="2026-03-12T12:21:29 IST" name="closeBrowser" finished-at="2026-03-12T12:21:29 IST" duration-ms="121" status="PASS">
          <reporter-output>
          </reporter-output>
        </test-method> <!-- closeBrowser -->
      </class> <!-- AddNumbersTest -->
    </test> <!-- Surefire test -->
  </suite> <!-- Surefire suite -->
</testng-results>
